# JRE version: Java(TM) SE Runtime Environment (8.0_271-b09) (build 1.8.0_271-b09)
# Java VM: Java HotSpot(TM) 64-Bit Server VM (25.271-b09 mixed mode windows-amd64 compressed oops)
Heap:
 PSYoungGen      total 205312K, used 38189K [0x000000076b380000, 0x0000000779400000, 0x00000007c0000000)
  eden space 191488K, 19% used [0x000000076b380000,0x000000076d8cb630,0x0000000776e80000)
  from space 13824K, 0% used [0x0000000778680000,0x0000000778680000,0x0000000779400000)
  to   space 15872K, 0% used [0x0000000777500000,0x0000000777500000,0x0000000778480000)
 ParOldGen       total 217088K, used 22171K [0x00000006c1a00000, 0x00000006cee00000, 0x000000076b380000)
  object space 217088K, 10% used [0x00000006c1a00000,0x00000006c2fa6c98,0x00000006cee00000)
 Metaspace       used 56159K, capacity 59378K, committed 59608K, reserved 1101824K
  class space    used 7643K, capacity 8151K, committed 8192K, reserved 1048576K
GC Heap History (10 events):
Event: 5.244 GC heap before
{Heap before GC invocations=7 (full 1):
 PSYoungGen      total 138752K, used 26813K [0x000000076b380000, 0x0000000774f80000, 0x00000007c0000000)
  eden space 128000K, 13% used [0x000000076b380000,0x000000076c40e6b0,0x0000000773080000)
  from space 10752K, 91% used [0x0000000773080000,0x0000000773a20ea8,0x0000000773b00000)
  to   space 10752K, 0% used [0x0000000774500000,0x0000000774500000,0x0000000774f80000)
 ParOldGen       total 105472K, used 6934K [0x00000006c1a00000, 0x00000006c8100000, 0x000000076b380000)
  object space 105472K, 6% used [0x00000006c1a00000,0x00000006c20c5858,0x00000006c8100000)
 Metaspace       used 33279K, capacity 35314K, committed 35416K, reserved 1079296K
  class space    used 4356K, capacity 4707K, committed 4736K, reserved 1048576K
Event: 5.252 GC heap after
Heap after GC invocations=7 (full 1):
 PSYoungGen      total 148992K, used 7634K [0x000000076b380000, 0x0000000778780000, 0x00000007c0000000)
  eden space 138240K, 0% used [0x000000076b380000,0x000000076b380000,0x0000000773a80000)
  from space 10752K, 71% used [0x0000000774500000,0x0000000774c74a88,0x0000000774f80000)
  to   space 10752K, 0% used [0x0000000773a80000,0x0000000773a80000,0x0000000774500000)
 ParOldGen       total 105472K, used 6934K [0x00000006c1a00000, 0x00000006c8100000, 0x000000076b380000)
  object space 105472K, 6% used [0x00000006c1a00000,0x00000006c20c5858,0x00000006c8100000)
 Metaspace       used 33279K, capacity 35314K, committed 35416K, reserved 1079296K
  class space    used 4356K, capacity 4707K, committed 4736K, reserved 1048576K
}
Event: 5.252 GC heap before
{Heap before GC invocations=8 (full 2):
 PSYoungGen      total 148992K, used 7634K [0x000000076b380000, 0x0000000778780000, 0x00000007c0000000)
  eden space 138240K, 0% used [0x000000076b380000,0x000000076b380000,0x0000000773a80000)
  from space 10752K, 71% used [0x0000000774500000,0x0000000774c74a88,0x0000000774f80000)
  to   space 10752K, 0% used [0x0000000773a80000,0x0000000773a80000,0x0000000774500000)
 ParOldGen       total 105472K, used 6934K [0x00000006c1a00000, 0x00000006c8100000, 0x000000076b380000)
  object space 105472K, 6% used [0x00000006c1a00000,0x00000006c20c5858,0x00000006c8100000)
 Metaspace       used 33279K, capacity 35314K, committed 35416K, reserved 1079296K
  class space    used 4356K, capacity 4707K, committed 4736K, reserved 1048576K
Event: 5.308 GC heap after
Heap after GC invocations=8 (full 2):
 PSYoungGen      total 148992K, used 0K [0x000000076b380000, 0x0000000778780000, 0x00000007c0000000)
  eden space 138240K, 0% used [0x000000076b380000,0x000000076b380000,0x0000000773a80000)
  from space 10752K, 0% used [0x0000000774500000,0x0000000774500000,0x0000000774f80000)
  to   space 10752K, 0% used [0x0000000773a80000,0x0000000773a80000,0x0000000774500000)
 ParOldGen       total 157696K, used 12237K [0x00000006c1a00000, 0x00000006cb400000, 0x000000076b380000)
  object space 157696K, 7% used [0x00000006c1a00000,0x00000006c25f3758,0x00000006cb400000)
 Metaspace       used 33279K, capacity 35314K, committed 35416K, reserved 1079296K
  class space    used 4356K, capacity 4707K, committed 4736K, reserved 1048576K
}
Event: 60.044 GC heap before
{Heap before GC invocations=9 (full 2):
 PSYoungGen      total 148992K, used 138240K [0x000000076b380000, 0x0000000778780000, 0x00000007c0000000)
  eden space 138240K, 100% used [0x000000076b380000,0x0000000773a80000,0x0000000773a80000)
  from space 10752K, 0% used [0x0000000774500000,0x0000000774500000,0x0000000774f80000)
  to   space 10752K, 0% used [0x0000000773a80000,0x0000000773a80000,0x0000000774500000)
 ParOldGen       total 157696K, used 12237K [0x00000006c1a00000, 0x00000006cb400000, 0x000000076b380000)
  object space 157696K, 7% used [0x00000006c1a00000,0x00000006c25f3758,0x00000006cb400000)
 Metaspace       used 48870K, capacity 51546K, committed 51672K, reserved 1093632K
  class space    used 6641K, capacity 7101K, committed 7168K, reserved 1048576K
Event: 60.057 GC heap after
Heap after GC invocations=9 (full 2):
 PSYoungGen      total 148992K, used 10748K [0x000000076b380000, 0x0000000779500000, 0x00000007c0000000)
  eden space 138240K, 0% used [0x000000076b380000,0x000000076b380000,0x0000000773a80000)
  from space 10752K, 99% used [0x0000000773a80000,0x00000007744ff0c8,0x0000000774500000)
  to   space 14848K, 0% used [0x0000000778680000,0x0000000778680000,0x0000000779500000)
 ParOldGen       total 157696K, used 19192K [0x00000006c1a00000, 0x00000006cb400000, 0x000000076b380000)
  object space 157696K, 12% used [0x00000006c1a00000,0x00000006c2cbe2e0,0x00000006cb400000)
 Metaspace       used 48870K, capacity 51546K, committed 51672K, reserved 1093632K
  class space    used 6641K, capacity 7101K, committed 7168K, reserved 1048576K
}
Event: 134.218 GC heap before
{Heap before GC invocations=10 (full 2):
 PSYoungGen      total 148992K, used 76535K [0x000000076b380000, 0x0000000779500000, 0x00000007c0000000)
  eden space 138240K, 47% used [0x000000076b380000,0x000000076f3bef18,0x0000000773a80000)
  from space 10752K, 99% used [0x0000000773a80000,0x00000007744ff0c8,0x0000000774500000)
  to   space 14848K, 0% used [0x0000000778680000,0x0000000778680000,0x0000000779500000)
 ParOldGen       total 157696K, used 19192K [0x00000006c1a00000, 0x00000006cb400000, 0x000000076b380000)
  object space 157696K, 12% used [0x00000006c1a00000,0x00000006c2cbe2e0,0x00000006cb400000)
 Metaspace       used 55839K, capacity 58932K, committed 58968K, reserved 1099776K
  class space    used 7569K, capacity 8064K, committed 8064K, reserved 1048576K
Event: 134.229 GC heap after
Heap after GC invocations=10 (full 2):
 PSYoungGen      total 205312K, used 13651K [0x000000076b380000, 0x0000000779400000, 0x00000007c0000000)
  eden space 191488K, 0% used [0x000000076b380000,0x000000076b380000,0x0000000776e80000)
  from space 13824K, 98% used [0x0000000778680000,0x00000007793d4ec0,0x0000000779400000)
  to   space 15872K, 0% used [0x0000000777500000,0x0000000777500000,0x0000000778480000)
 ParOldGen       total 157696K, used 19200K [0x00000006c1a00000, 0x00000006cb400000, 0x000000076b380000)
  object space 157696K, 12% used [0x00000006c1a00000,0x00000006c2cc02e0,0x00000006cb400000)
 Metaspace       used 55839K, capacity 58932K, committed 58968K, reserved 1099776K
  class space    used 7569K, capacity 8064K, committed 8064K, reserved 1048576K
}
Event: 134.229 GC heap before
{Heap before GC invocations=11 (full 3):
 PSYoungGen      total 205312K, used 13651K [0x000000076b380000, 0x0000000779400000, 0x00000007c0000000)
  eden space 191488K, 0% used [0x000000076b380000,0x000000076b380000,0x0000000776e80000)
  from space 13824K, 98% used [0x0000000778680000,0x00000007793d4ec0,0x0000000779400000)
  to   space 15872K, 0% used [0x0000000777500000,0x0000000777500000,0x0000000778480000)
 ParOldGen       total 157696K, used 19200K [0x00000006c1a00000, 0x00000006cb400000, 0x000000076b380000)
  object space 157696K, 12% used [0x00000006c1a00000,0x00000006c2cc02e0,0x00000006cb400000)
 Metaspace       used 55839K, capacity 58932K, committed 58968K, reserved 1099776K
  class space    used 7569K, capacity 8064K, committed 8064K, reserved 1048576K
Event: 134.331 GC heap after
Heap after GC invocations=11 (full 3):
 PSYoungGen      total 205312K, used 0K [0x000000076b380000, 0x0000000779400000, 0x00000007c0000000)
  eden space 191488K, 0% used [0x000000076b380000,0x000000076b380000,0x0000000776e80000)
  from space 13824K, 0% used [0x0000000778680000,0x0000000778680000,0x0000000779400000)
  to   space 15872K, 0% used [0x0000000777500000,0x0000000777500000,0x0000000778480000)
 ParOldGen       total 217088K, used 22171K [0x00000006c1a00000, 0x00000006cee00000, 0x000000076b380000)
  object space 217088K, 10% used [0x00000006c1a00000,0x00000006c2fa6c98,0x00000006cee00000)
 Metaspace       used 55839K, capacity 58932K, committed 58968K, reserved 1099776K
  class space    used 7569K, capacity 8064K, committed 8064K, reserved 1048576K
}

